5ba2cf4 Something
849de2f Coding Practice, 2023-11-27 07:13:02
b405a38 Coding Practice, 2023-11-26 08:31:53
51f4461 Coding Practice, 2023-11-25 07:16:28
02c6363 Coding Practice, 2023-10-31 07:00:37
2a82d81 Coding Practice, 2023-10-29 07:12:09
cd10442 Coding Practice, 2023-10-29 07:10:26
0823512 Coding Practice, 2023-10-29 07:03:24
0db186a Coding Practice, 2023-10-28 06:53:46
93b2197 Coding Practice, 2023-10-26 07:25:45
012bab4 Coding Practice, 2023-10-26 07:10:10
91d0c03 Coding Practice, 2023-10-21 07:09:38
5911d4d Coding Practice, 2023-10-19 07:39:20
afed11b Coding Practice, 2023-10-17 07:26:05
8859e91 Coding Practice, 2023-10-17 07:20:38
88394a1 Coding Practice, 2023-10-15 07:07:40
4c38c6c Coding Practice, 2023-10-14 06:46:14
bc03cc2 Coding Practice, 2023-10-12 07:14:46
716f84e Coding Practice, 2023-10-08 07:10:25
5dcf186 Coding Practice, 2023-10-07 07:22:30
ac742f4 Coding Practice, 2023-10-07 07:11:12
2f47788 Coding Practice, 2023-10-06 07:05:49
903438f Coding Practice, 2023-09-30 07:11:23
813d2e8 Coding Practice, 2023-09-23 07:13:58
c7b2fca Coding Practice, 2023-09-22 07:03:54
b18f95c Coding Practice, 2023-09-19 07:22:03
f4ba6b0 Coding Practice, 2023-09-19 07:17:22
d6c31bc Coding Practice, 2023-09-17 07:18:39
7e88ba8 Coding Practice, 2023-09-16 07:08:05
594a871 Coding Practice, 2023-09-14 07:23:26
bcc19d7 Coding Practice, 2023-09-14 07:13:12
062065c Coding Practice, 2023-09-12 07:07:47
a64af71 Coding Practice, 2023-09-11 06:48:26
b526886 Coding Practice, 2023-09-10 08:46:14
4cab782 Coding Practice, 2023-09-09 07:17:33
76a989e Coding Practice, 2023-09-07 07:12:58
2b1eabf Coding Practice, 2023-09-07 07:05:14
8b27f67 Coding Practice, 2023-09-07 07:04:06
4f52be4 Coding Practice, 2023-09-05 07:27:07
c3e2674 Coding Practice, 2023-09-04 06:51:15
a8cea44 Coding Practice, 2023-09-04 06:42:16
8e5d991 Coding Practice, 2023-09-03 07:17:06
637ed5e Coding Practice, 2023-09-03 07:16:46
a042142 Coding Practice, 2023-09-02 07:11:40
45cb05e Coding Practice, 2023-08-31 07:14:33
cd7279e Coding Practice, 2023-08-29 07:24:56
8842a29 Coding Practice, 2023-08-27 07:26:03
4201612 Coding Practice, 2023-08-27 07:06:52
3866489 Coding Practice, 2023-08-26 07:06:41
6687163 Coding Practice, 2023-08-24 06:59:26
58e4a67 Coding Practice, 2023-08-24 06:45:22
da6e724 Renaemed some values
9df6f82  First commit
15d64be Coding Practice, 2023-08-19 07:17:24
211ec57 Coding Practice, 2023-08-17 07:09:39
8a707cb Coding Practice, 2023-08-15 07:14:11
106f89c Coding Practice, 2023-08-13 18:24:44
765c315 Coding Practice, 2023-08-13 07:03:19
89ac185 Coding Practice, 2023-08-08 07:21:21
77edc5d Coding Practice, 2023-08-06 07:22:01
b7c02d8 Coding Practice, 2023-08-06 07:21:42
544ca59 Coding Practice, 2023-08-06 07:00:41
e804bda Coding Practice, 2023-08-05 19:40:09
b461295 Coding Practice, 2023-08-05 07:36:04
8095f35 Coding Practice, 2023-08-03 07:03:27
0d10367 Coding Practice, 2023-08-02 07:02:24
8c6c894 Coding Practice, 2023-08-01 06:47:37
f462203 Coding Practice, 2023-07-18 07:15:34
3d0e3e3 Coding Practice, 2023-07-17 07:03:23
4604b6a Coding Practice, 2023-07-16 07:14:47
02ac6cb Coding Practice, 2023-07-15 07:07:39
a4148c7 Coding Practice, 2023-07-13 07:15:54
4841534 Coding Practice, 2023-07-13 06:51:17
396f10b Coding Practice, 2023-07-12 18:47:38
8bf728c Coding Practice, 2023-07-10 18:55:49
8562c79 Coding Practice, 2023-07-10 18:55:04
dccce45 Coding Practice, 2023-07-09 07:17:32
990f792 Coding Practice, 2023-07-08 06:59:52
e052773 Coding Practice, 2023-07-08 06:55:30
b431b21 Coding Practice, 2023-07-07 17:30:48
1a56dbe Coding Practice, 2023-07-07 17:14:55
18c6e67 Coding Practice, 2023-07-07 07:26:03
b7eb7de Coding Practice, 2023-07-06 07:14:26
290d17f Coding Practice, 2023-07-03 19:12:36
e57f6b2 Coding Practice, 2023-07-02 07:22:39
404577b Coding Practice, 2023-07-01 07:49:21
988a18b Coding Practice, 2023-06-27 19:14:23
863c4aa Coding Practice, 2023-06-26 19:15:11
ab945c0 Coding Practice, 2023-06-25 07:22:51
ae5b2de Coding Practice, 2023-06-24 07:18:13
b72500f Coding Practice, 2023-06-23 07:16:26
56bb2f2 Coding Practice, 2023-06-22 07:43:23
9ce556f Coding Practice, 2023-06-18 11:35:30
b4f8ddb Coding Practice, 2023-06-18 06:59:52
637647f Coding Practice, 2023-06-18 06:58:03
41c3e0a Coding Practice, 2023-06-18 06:55:36
8e65310 Coding Practice, 2023-06-18 06:53:54
f128175 Coding Practice, 2023-06-13 07:25:44
f80a1f3 Coding Practice, 2023-06-11 07:24:22
5c06be9 Coding Practice, 2023-06-11 07:15:28
e6557f1 Coding Practice, 2023-06-11 07:05:03
4556a85 Coding Practice, 2023-06-10 07:13:51
3f26342 Coding Practice, 2023-06-08 07:04:23
bbe185d Coding Practice, 2023-06-07 19:01:44
9daa126 Coding Practice, 2023-06-07 18:54:17
e01da53 Coding Practice, 2023-06-06 06:52:52
b24b2d6 Coding Practice, 2023-06-05 06:41:52
3fb940b Coding Practice, 2023-06-04 09:39:58
b9053c8 Coding Practice, 2023-05-30 06:55:36
e7bae2e Coding Practice, 2023-05-30 06:51:13
bb0962e Coding Practice, 2023-05-29 07:08:24
ba52101 Coding Practice, 2023-05-28 06:45:00
8ad3b1a Coding Practice, 2023-05-27 06:14:26
b6b1539 Coding Practice, 2023-05-26 06:31:10
b1f6741 Coding Practice, 2023-05-25 06:04:26
3475e9a Coding Practice, 2023-05-25 05:50:44
0534c4b Coding Practice, 2023-05-24 06:19:14
ff6f14d Coding Practice, 2023-05-24 06:13:59
82e011a Coding Practice, 2023-05-23 06:37:09
3e163a1 Coding Practice, 2023-05-21 07:22:02
0d11eb5 Coding Practice, 2023-05-20 06:57:46
f87455d Coding Practice, 2023-05-18 06:50:54
c05d8c4 Coding Practice, 2023-05-16 07:26:01
5bc77ec Coding Practice, 2023-05-16 07:09:57
f134a07 Coding Practice, 2023-05-15 07:07:47
3917a7a Coding Practice, 2023-05-14 07:35:55
604df6c Coding Practice, 2023-05-13 06:50:14
26fede1 Coding Practice, 2023-05-11 06:05:09
53e554c Coding Practice, 2023-05-09 06:47:33
9e77b19 Coding Practice, 2023-05-07 06:50:15
136eacd Coding Practice, 2023-05-06 07:07:45
0d632d9 Coding Practice, 2023-05-04 18:26:34
bc463a9 Coding Practice, 2023-05-03 20:09:36
dbad658 Coding Practice, 2023-05-01 07:00:22
9ef71c5 Coding Practice, 2023-04-30 07:12:50
6316786 Coding Practice, 2023-04-29 06:43:11
9e6e369 Coding Practice, 2023-04-26 22:09:30
adc0513 Coding Practice, 2023-04-25 18:32:53
ebfe2f3 Coding Practice, 2023-04-24 07:09:11
67aabca Coding Practice, 2023-04-23 06:55:55
1e4a2a8 Coding Practice, 2023-04-22 06:54:08
f16b496 Coding Practice, 2023-04-19 06:55:53
0148196 Coding Practice, 2023-04-18 07:04:36
4a1b45f Coding Practice, 2023-04-17 07:07:03
1c0b461 Coding Practice, 2023-04-16 07:12:38
8738d01 Coding Practice, 2023-04-15 07:12:12
8a3b34e Coding Practice, 2023-04-15 07:10:53
cee9ab9 Coding Practice, 2023-04-14 18:51:41
694de5b Coding Practice, 2023-04-11 20:04:11
b3113f8 Coding Practice, 2023-04-08 06:59:57
34b8ef8 Coding Practice, 2023-04-07 07:39:24
d347310 Coding Practice, 2023-04-06 07:00:48
2e1529e Coding Practice, 2023-04-06 06:49:37
6ba007f Coding Practice, 2023-04-04 06:57:56
a8304e9 Coding Practice, 2023-04-02 07:10:03
e5ef070 Coding Practice, 2023-04-01 07:47:19
69c79e1 Coding Practice, 2023-03-30 18:31:19
e5c7585 Coding Practice, 2023-03-29 19:03:39
e802e72 Coding Practice, 2023-03-28 19:19:24
48fef21 Coding Practice, 2023-03-27 07:06:59
0e984f8 Coding Practice, 2023-03-26 07:58:37
e082195 Coding Practice, 2023-03-26 07:50:55
63ac09b Coding Practice, 2023-03-25 07:00:56
177b960 Coding Practice, 2023-03-24 18:46:01
9231411 Coding Practice, 2023-03-22 06:54:23
f67ed30 Coding Practice, 2023-03-21 06:37:14
c00d4bd Coding Practice, 2023-03-20 16:18:09
38c6670 Coding Practice, 2023-03-19 06:57:44
d379974 Coding Practice, 2023-03-18 07:04:34
e472020 Coding Practice, 2023-03-18 06:58:52
b3af4e8 Coding Practice, 2023-03-16 07:11:24
7eaa714 Coding Practice, 2023-03-15 20:08:06
88a6f74 Coding Practice, 2023-03-14 06:56:41
ec01f23 Coding Practice, 2023-03-13 07:27:06
d0771ea Coding Practice, 2023-03-11 07:41:51
1887c0d Coding Practice, 2023-03-09 07:11:52
3f84327 Coding Practice, 2023-03-08 18:54:22
09b3f46 Coding Practice, 2023-03-07 20:15:15
c6b6b54 Coding Practice, 2023-03-06 19:20:26
318adb3 Coding Practice, 2023-03-05 07:29:18
a2c1f20 Coding Practice, 2023-03-04 07:35:36
3b56ada Coding Practice, 2023-03-02 07:32:12
668d8c4 Coding Practice, 2023-03-01 20:04:11
e892b11 Coding Practice, 2023-02-28 06:52:42
1bfdf56 Coding Practice, 2023-02-27 19:54:32
c85aed7 Coding Practice, 2023-02-26 07:36:51
03cac82 Coding Practice, 2023-02-25 07:31:26
e6e78d4 Coding Practice, 2023-02-24 07:20:25
89fd77d Coding Practice, 2023-02-23 07:18:48
c5da49c Coding Practice, 2023-02-20 19:56:53
f9e5ba1 Coding Practice, 2023-02-17 21:08:53
b8e9523 Coding Practice, 2023-02-16 07:26:55
ea6e455 Coding Practice, 2023-02-15 21:04:51
1f54da8 Coding Practice, 2023-02-14 19:07:01
07ba617 Coding Practice, 2023-02-13 19:14:11
b19c74d Coding Practice, 2023-02-12 07:24:06
32cf946 Coding Practice, 2023-02-11 07:12:33
059546c Coding Practice, 2023-02-10 20:39:59
4935b00 Coding Practice, 2023-02-09 06:58:41
823d9b5 Coding Practice, 2023-02-08 17:40:08
80095d7 Coding Practice, 2023-02-07 07:32:34
d77b902 Coding Practice, 2023-01-31 06:54:38
5d8ef86 Coding Practice, 2023-01-30 19:17:31
e9b0a39 Coding Practice, 2023-01-29 07:04:24
c23574e Coding Practice, 2023-01-28 07:10:22
c4101d1 Coding Practice, 2023-01-28 07:04:28
ca88db1 Coding Practice, 2023-01-27 20:04:42
8e13ace Coding Practice, 2023-01-26 07:13:39
d65b609 Coding Practice, 2023-01-25 19:19:14
ef8d7e4 Coding Practice, 2023-01-24 07:16:49
e900a69 Coding Practice, 2023-01-23 18:44:10
2b89800 Coding Practice, 2023-01-22 07:28:53
a2d3e45 Coding Practice, 2023-01-21 06:59:07
4cbb802 Coding Practice, 2023-01-20 19:10:01
4aa319f Coding Practice, 2023-01-19 07:16:29
6639cbb Coding Practice, 2023-01-18 18:32:29
2846358 Coding Practice, 2023-01-17 07:02:11
7c9630f Coding Practice, 2023-01-16 19:30:51
3c4ad26 Coding Practice, 2023-01-15 06:58:44
3f6f6d1 Coding Practice, 2023-01-14 07:26:41
b6c6599 Coding Practice, 2023-01-13 18:38:16
a3f7ad1 Coding Practice, 2023-01-12 07:20:00
e907fc6 Coding Practice, 2023-01-11 19:00:20
b3835ba Coding Practice, 2023-01-09 19:05:04
e5ca800 Coding Practice, 2023-01-08 07:42:33
d62db1e Coding Practice, 2023-01-07 07:30:55
13a23f1 Coding Practice, 2023-01-06 08:52:41
ae13414 Coding Practice, 2023-01-05 21:15:44
da7ef18 Coding Practice, 2023-01-04 19:08:08
843e457 Coding Practice, 2023-01-03 07:22:59
9f71099 Coding Practice, 2023-01-02 06:52:01
10fd110 Coding Practice, 2023-01-01 07:06:10
8fe6a86 Coding Practice, 2022-12-31 07:48:40
5ee5e2a Coding Practice, 2022-12-30 07:14:39
d7d9211 Coding Practice, 2022-12-29 07:05:36
a8a54f6 Coding Practice, 2022-12-28 06:57:50
f45b77a Coding Practice, 2022-12-27 06:56:15
0684822 Coding Practice, 2022-12-27 06:47:34
1b8e90d Coding Practice, 2022-12-26 06:55:15
83a5455 Coding Practice, 2022-12-26 06:54:18
79678be Coding Practice, 2022-12-25 07:13:16
64d3b44 Coding Practice, 2022-12-24 07:19:41
4b5fe32 Coding Practice, 2022-12-23 08:41:24
6cfa98b Coding Practice, 2022-12-23 07:30:00
1c68cae Coding Practice, 2022-12-22 16:49:26
fbdb923 Coding Practice, 2022-12-21 17:09:02
1d31b98 Coding Practice, 2022-12-20 20:10:56
2fc0e0e Coding Practice, 2022-12-19 16:31:22
346ac3c Coding Practice, 2022-12-18 07:51:36
3982cd2 Coding Practice, 2022-12-17 07:15:41
9d8ee65 Coding Practice, 2022-12-16 17:00:56
0296e36 Coding Practice, 2022-12-15 18:35:19
d32dd98 Coding Practice, 2022-12-15 18:34:01
8bfc246 Coding Practice, 2022-12-14 19:52:17
549af15 Coding Practice, 2022-12-13 18:51:12
3394563 Coding Practice, 2022-12-12 17:03:42
8d824c4 Coding Practice, 2022-12-12 16:55:08
cd44e50 Coding Practice, 2022-12-12 16:52:14
33cd4b0 Coding Practice, 2022-12-11 06:47:55
2ba36a2 Coding Practice, 2022-12-10 08:46:02
d623a35 Coding Practice, 2022-12-09 17:09:57
9c12c3b Coding Practice, 2022-12-08 17:26:57
6be4197 Coding Practice, 2022-12-07 16:58:24
3988ec2 Coding Practice, 2022-12-06 17:01:02
3a69317 Coding Practice, 2022-12-05 17:17:10
91d67b8 Coding Practice, 2022-12-04 08:43:24
9aeb801 Coding Practice, 2022-12-03 08:39:12
97cf0e8 Coding Practice, 2022-12-02 08:16:16
bfd2de6 Coding Practice, 2022-12-01 07:55:57
6e6ca9d Coding Practice, 2022-11-30 08:02:47
6bf13b1 Coding Practice, 2022-11-29 08:06:39
592d2b4 Coding Practice, 2022-11-28 07:58:14
c4d3cc3 Coding Practice, 2022-11-28 07:54:11
1e0fd6e Coding Practice, 2022-11-21 18:56:52
edc703d Coding Practice, 2022-11-20 07:59:53
c4fa454 Coding Practice, 2022-11-19 07:24:22
6dad464 Coding Practice, 2022-11-18 19:35:40
b9b538d Coding Practice, 2022-11-17 07:37:04
7f9b01d Coding Practice, 2022-11-16 19:55:13
cdb7f83 Coding Practice, 2022-11-15 07:48:33
73c1149 Coding Practice, 2022-11-14 07:19:46
ed19518 Coding Practice, 2022-11-13 08:09:29
35976c3 Coding Practice, 2022-11-12 07:22:17
b0be002 Coding Practice, 2022-11-11 07:20:26
0ed0a92 Coding Practice, 2022-11-10 19:09:51
8a524c4 Coding Practice, 2022-11-09 17:48:58
206ded6 Coding Practice, 2022-11-08 07:13:36
272e548 Coding Practice, 2022-11-07 07:05:47
01124bf Coding Practice, 2022-11-06 07:15:03
7d4c029 Coding Practice, 2022-11-05 07:36:38
a5b1ab6 Coding Practice, 2022-11-04 18:35:46
f66120c Coding Practice, 2022-11-03 07:33:07
41f8aae Coding Practice, 2022-11-02 07:22:16
e113513 Coding Practice, 2022-11-01 07:12:03
efd04a3 Coding Practice, 2022-11-01 07:09:00
4e8ae5b Coding Practice, 2022-10-31 07:14:09
7ea8a75 Coding Practice, 2022-10-30 07:36:35
0299a95 Coding Practice, 2022-10-30 07:33:42
aecdae6 Coding Practice, 2022-10-29 07:26:23
b274ba9 Coding Practice, 2022-10-29 07:21:26
cb82106 Coding Practice, 2022-10-28 07:25:36
ff2bd9e Coding Practice, 2022-10-27 07:23:23
cc62638 Coding Practice, 2022-10-26 07:10:39
db68453 Coding Practice, 2022-10-25 07:16:14
7cf8c91 Coding Practice, 2022-10-24 07:23:18
f417c38 Coding Practice, 2022-10-23 09:51:25
c75fb9d Merge branch 'main' of https://github.com/spinachisgood/Workspace into main
c984468 Coding Practice, 2022-10-22 07:19:33
1eb87d8 Coding Practice, 2022-10-22 07:19:33
0d0a98b Coding Practice, 2022-10-22 07:12:46
2a70e83 Coding Practice, 2022-10-21 07:16:04
70698d3 Coding Practice, 2022-10-20 21:15:50
458a54b Coding Practice, 2022-10-18 07:18:28
a76f733 Coding Practice, 2022-10-17 19:58:20
1494761 Coding Practice, 2022-10-16 07:29:38
466f53b Coding Practice, 2022-10-15 07:31:30
c4b0530 Coding Practice, 2022-10-14 20:01:46
1e8d064 Coding Practice, 2022-10-13 07:24:27
a1e58e8 Coding Practice, 2022-10-12 19:55:57
f3e58d6 Coding Practice, 2022-10-11 20:54:56
e5e9d2d Coding Practice, 2022-10-10 07:31:05
5a0d013 Coding Practice, 2022-10-09 07:36:03
505b24c Coding Practice, 2022-10-08 07:44:27
d87ae48 Coding Practice, 2022-10-07 20:08:45
0b900aa Coding Practice, 2022-10-05 07:16:20
01d091a Coding Practice, 2022-10-04 07:06:23
6a8f744 Coding Practice, 2022-09-30 19:54:58
f2566f8 Coding Practice, 2022-09-29 07:27:38
9f7f404 Coding Practice, 2022-09-28 21:05:32
983705d Coding Practice, 2022-09-27 07:27:08
e1faa90 Coding Practice, 2022-09-26 07:28:15
9188c72 Coding Practice, 2022-09-25 07:30:40
e28e4b4 Coding Practice, 2022-09-24 07:34:49
793dad8 Coding Practice, 2022-09-23 07:13:47
063b4fa Coding Practice, 2022-09-22 07:18:04
2aff174 Coding Practice, 2022-09-21 07:46:11
56b01c2 Coding Practice, 2022-09-20 07:30:40
f2d4696 Coding Practice, 2022-09-20 07:30:01
8e284a3 Coding Practice, 2022-09-19 07:28:14
2ce430f Coding Practice, 2022-09-18 10:17:46
65f0590 Coding Practice, 2022-09-16 06:24:22
0df5b75 Coding Practice, 2022-09-15 19:35:33
d32f693 Coding Practice, 2022-09-14 07:24:16
5efe66e Coding Practice, 2022-09-13 07:18:47
e22d5c9 Coding Practice, 2022-09-12 18:04:32
0084aaa Coding Practice, 2022-09-11 07:47:32
1226e15 Coding Practice, 2022-09-10 07:18:34
ffef11a Coding Practice, 2022-09-09 17:32:43
b48447f Coding Practice, 2022-09-08 07:18:22
30d6a1f Coding Practice, 2022-09-07 07:28:54
b949157 Coding Practice, 2022-09-06 07:17:34
38b0df3 Coding Practice, 2022-09-05 07:27:59
9a80ef6 Coding Practice, 2022-09-04 08:31:47
9a79095 Coding Practice, 2022-09-03 07:26:22
57c388c Coding Practice, 2022-09-02 18:18:51
780d43a Coding Practice, 2022-09-01 07:32:56
fd032fc Coding Practice, 2022-08-31 07:18:29
29475ec Coding Practice, 2022-08-31 07:15:43
3ce5857 Coding Practice, 2022-08-30 14:59:05
ba91a61 Coding Practice, 2022-08-30 07:13:44
381b7e0 Coding Practice, 2022-08-29 19:45:58
bad0170 Coding Practice, 2022-08-28 09:07:30
a329103 Coding Practice, 2022-08-27 07:23:50
dcd0037 Coding Practice, 2022-08-26 07:10:23
80bec7e Coding Practice, 2022-08-25 07:10:28
394a861 Coding Practice, 2022-08-25 07:06:25
2211bbc Coding Practice, 2022-08-24 07:04:24
f2b6a2a Coding Practice, 2022-08-23 07:30:36
e07644f Coding Practice, 2022-08-23 07:13:28
68f9762 Coding Practice, 2022-08-22 06:25:36
5e040a0 Coding Practice, 2022-08-22 06:14:07
32a1da4 Coding Practice, 2022-08-21 06:59:28
34f5aa7 Coding Practice, 2022-08-21 06:38:29
1d016e1 Coding Practice, 2022-08-20 07:27:05
fc19af4 Coding Practice, 2022-08-18 07:40:43
a0a48c7 Coding Practice, 2022-08-16 07:40:45
4c8278e Coding Practice, 2022-08-16 07:24:01
f9777ed Coding Practice, 2022-08-15 20:12:58
3669782 Coding Practice, 2022-08-14 07:56:42
ab39124 Coding Practice, 2022-08-13 16:55:15
99c2d53 Coding Practice, 2022-08-12 08:05:41
6a3c2f5 Coding Practice, 2022-08-11 07:50:39
66e82cf Coding Practice, 2022-08-10 19:29:30
7083498 Coding Practice, 2022-08-08 19:28:46
dfdf0ce Coding Practice, 2022-08-07 08:13:29
8ff5280 Coding Practice, 2022-08-07 07:57:50
dbd63c5 Coding Practice, 2022-08-06 08:11:36
c9ae8aa Coding Practice, 2022-08-05 07:52:58
0a06ebd Coding Practice, 2022-08-04 11:28:50
f22c844 Coding Practice, 2022-08-04 08:01:25
6cea75f Coding Practice, 2022-08-03 08:11:10
ccdfcec Coding Practice, 2022-08-02 08:06:03
c1dcc87 Coding Practice, 2022-08-01 08:35:18
9b5b800 Coding Practice, 2022-07-31 19:45:12
874c6e9 Coding Practice, 2022-07-29 07:08:16
b35e53e Coding Practice, 2022-07-28 09:19:20
c45e7d6 Coding Practice, 2022-07-27 08:05:12
3bfdb57 Coding Practice, 2022-07-26 08:28:20
8ededa7 Coding Practice, 2022-07-25 08:46:40
39a7055 Coding Practice, 2022-07-24 14:54:33
f2012bf Coding Practice, 2022-07-24 09:03:49
c721947 Coding Practice, 2022-07-23 08:47:30
185bdd5 Coding Practice, 2022-07-23 08:43:32
b208687 Coding Practice, 2022-07-23 08:35:12
fdf0f43 Coding Practice, 2022-07-23 08:24:01
cdb9bda Coding Practice, 2022-07-22 08:49:07
8ea7531 Coding Practice, 2022-07-21 10:50:59
482a26d Coding Practice, 2022-07-17 10:17:59
6ff6cc7 Coding Practice, 2022-07-16 09:25:49
9e47f2a Coding Practice, 2022-07-16 09:03:07
a212089 Coding Practice, 2022-07-15 06:20:41
98a9073 Coding Practice, 2022-07-14 08:57:45
ed1269b Coding Practice, 2022-07-13 07:52:08
7eda808 Coding Practice, 2022-07-13 07:39:20
fa20ad4 Coding Practice, 2022-07-12 08:23:52
3a124d1 Coding Practice, 2022-07-11 11:53:13
72a43e2 Coding Practice, 2022-07-10 07:43:33
5341765 Coding Practice, 2022-07-09 13:07:40
fef9ef6 Coding Practice, 2022-07-09 13:04:26
481d53f Coding Practice, 2022-07-09 13:02:11
fe0f63a Update README.md
f50a2e3 Coding Practice, 2022-07-09 07:51:00
a2a165b Coding Practice, 2022-07-09 07:41:42
20662ee Coding Practice, 2022-07-08 07:51:37
d5aab81 Coding Practice, 2022-07-07 20:10:19
4d18826 Coding Practice, 2022-07-06 18:06:21
c1f534c Coding Practice, 2022-07-04 20:01:40
4c6e5f0 Coding Practice, 2022-07-03 07:56:52
353860f Coding Practice, 2022-07-02 08:57:01
b9d0a3b Coding Practice, 2022-07-02 08:46:17
57f26b2 Coding Practice, 2022-07-01 19:56:07
40cf38a Coding Practice, 2022-06-30 19:59:11
943e08d Coding Practice, 2022-06-29 07:32:24
46790e7 Coding Practice, 2022-06-28 06:57:01
4b2c5e0 Coding Practice, 2022-06-28 06:53:26
be02841 Coding Practice, 2022-06-26 07:53:49
a5a3748 Coding Practice, 2022-06-25 09:28:32
4a44b4a Coding Practice, 2022-06-25 09:22:46
5e0a0b6 Coding Practice, 2022-06-22 07:50:05
4d54a22 Coding Practice, 2022-06-21 17:52:35
f010b60 Merge branch 'main' of https://github.com/spinachisgood/Workspace into main
374453d Coding Practice, 2022-06-20 19:16:09
6ccbdd9 Coding Practice, 2022-06-20 19:20:53
a60efcb Coding Practice, 2022-06-20 19:16:09
4e28826 Coding Practice, 2022-06-19 07:59:52
8815ede Coding Practice, 2022-06-19 07:52:41
d5cf1bc Coding Practice, 2022-06-18 08:03:06
4a845ac Coding Practice, 2022-06-17 15:57:36
86877bb Coding Practice, 2022-06-16 08:23:21
89dc5d7 Coding Practice, 2022-06-15 07:25:35
317703e Coding Practice, 2022-06-14 07:51:12
9079b2c Coding Practice, 2022-06-13 23:05:29
d9b79d4 Coding Practice, 2022-06-12 08:22:12
f489aef Coding Practice, 2022-06-12 08:08:04
bf3fe73 Coding Practice, 2022-06-11 07:45:41
ecaabd9 Coding Practice, 2022-06-11 07:39:21
b104c31 Coding Practice, 2022-06-10 19:39:29
8f89bea Coding Practice, 2022-06-09 08:20:23
364ef08 Coding Practice, 2022-06-08 19:30:15
fa3c5c8 Coding Practice, 2022-06-07 07:50:17
357c138 Coding Practice, 2022-06-07 07:42:54
ed6b809 Coding Practice, 2022-06-06 22:40:15
518a8ac Coding Practice, 2022-06-03 20:30:16
43bd369 Coding Practice, 2022-06-03 20:25:41
1299d0c Coding Practice, 2022-06-02 08:03:41
c8f243b Coding Practice, 2022-06-01 19:02:44
10b4d2d Coding Practice, 2022-06-01 19:01:29
c0b070f Coding Practice, 2022-05-31 07:39:18
554faf7 Coding Practice, 2022-05-30 19:11:42
a503aca Coding Practice, 2022-05-29 08:15:52
1f9403d Coding Practice, 2022-05-28 07:56:13
09b675e Coding Practice, 2022-05-27 07:44:40
f3f201f Coding Practice, 2022-05-27 07:37:14
957b0c3 Coding Practice, 2022-05-26 07:38:42
54a153f Coding Practice, 2022-05-25 19:35:34
5b1dace Coding Practice, 2022-05-24 07:47:39
f4474f4 Coding Practice, 2022-05-23 18:48:12
268e1e6 Coding Practice, 2022-05-22 08:19:12
2d24ca8 Coding Practice, 2022-05-21 07:36:45
59b6260 Coding Practice, 2022-05-21 07:27:19
e789a2e Coding Practice, 2022-05-20 19:35:25
178a679 Coding Practice, 2022-05-19 19:37:32
a81204d Coding Practice, 2022-05-18 08:02:46
0f1e556 Coding Practice, 2022-05-17 07:47:57
f81b3a7 Coding Practice, 2022-05-16 19:05:42
7e45a36 Coding Practice, 2022-05-15 07:56:14
919581f Coding Practice, 2022-05-15 07:51:44
b997637 Coding Practice, 2022-05-14 07:21:58
df6f085 Coding Practice, 2022-05-13 18:12:18
1b3a830 Coding Practice, 2022-05-12 07:47:45
4937fa4 Coding Practice, 2022-05-11 19:10:37
597455d Coding Practice, 2022-05-10 08:09:58
b21729c Coding Practice, 2022-05-09 18:56:30
51d19f9 Coding Practice, 2022-05-08 07:32:18
b7012cc Coding Practice, 2022-05-07 08:21:12
3880a49 Coding Practice, 2022-05-06 20:58:26
10d0cd9 Coding Practice, 2022-05-05 19:15:40
b7e6e14 Coding Practice, 2022-05-04 20:02:18
540b385 Coding Practice, 2022-05-03 08:00:12
c6b8a4b Coding Practice, 2022-05-02 08:03:02
bc9b152 Coding Practice, 2022-05-01 21:57:37
7e25fd3 Coding Practice, 2022-04-29 07:26:43
d3413d5 Coding Practice, 2022-04-28 07:26:47
77d7c61 Coding Practice, 2022-04-27 19:55:09
fe1a431 Coding Practice, 2022-04-26 07:37:06
5f22e9c Coding Practice, 2022-04-25 08:07:49
8e950c6 Coding Practice, 2022-04-24 09:28:42
c80b2d4 Coding Practice, 2022-04-22 20:25:20
ad65ff1 Coding Practice, 2022-04-21 07:26:20
2c20486 Coding Practice, 2022-04-20 19:19:26
7b4c52a Coding Practice, 2022-04-19 19:16:27
a9a7b18 Coding Practice, 2022-04-14 07:59:32
f567a00 Coding Practice, 2022-04-13 19:50:32
9f7b788 Coding Practice, 2022-04-12 07:26:28
6f168a9 Coding Practice, 2022-04-12 07:21:41
f903b94 Coding Practice, 2022-04-11 07:39:03
2c2612a Coding Practice, 2022-04-10 08:23:58
c37e8f8 Coding Practice, 2022-04-09 08:00:11
29d01b0 Coding Practice, 2022-04-08 19:24:31
15a1304 Coding Practice, 2022-04-07 17:59:11
891cb29 Coding Practice, 2022-04-06 21:08:07
b52481d Coding Practice, 2022-04-05 07:59:24
7cbaa3f Coding Practice, 2022-04-04 07:56:24
4503f5a Coding Practice, 2022-04-03 09:31:35
36c1419 Coding Practice, 2022-04-02 08:16:53
c97ea02 Coding Practice, 2022-04-01 07:49:15
7d06b28 Coding Practice, 2022-03-31 21:34:20
5f1fde0 Coding Practice, 2022-03-30 20:21:14
b10937d Coding Practice, 2022-03-29 08:00:30
fb28a98 Coding Practice, 2022-03-28 19:30:22
7368e27 Coding Practice, 2022-03-27 08:23:52
896a31d Coding Practice, 2022-03-26 08:24:49
50c5f05 Coding Practice, 2022-03-25 14:07:56
73cd3c9 Coding Practice, 2022-03-24 08:07:55
cdb7207 Coding Practice, 2022-03-23 08:46:13
e7d9f6f Coding Practice, 2022-03-23 08:34:00
481ee0b Coding Practice, 2022-03-22 08:25:26
10571f2 Coding Practice, 2022-03-21 08:29:50
1e93773 Coding Practice, 2022-03-20 08:48:54
34fb9e2 Coding Practice, 2022-03-20 08:23:00
a8884f0 Coding Practice, 2022-03-20 08:20:11
1cd2e46 Coding Practice, 2022-03-19 08:40:08
a99668c Coding Practice, 2022-03-18 08:40:22
f31f4de Coding Practice, 2022-03-18 08:18:25
030ee8e Coding Practice, 2022-03-18 08:05:30
fe2aa0b Generated on, 2022-03-17 13:31:24
ffbf754 Coding Practice, 2022-03-17 13:05:35
a5a588f Generated on, 2022-03-17 12:36:35
8f18450 Generated on, 2022-03-17 12:35:47
400dda7 Generated on, 2022-03-17 12:28:50
b223521 Generated on, 2022-03-17 12:22:59
615fbd2 Coding Practice, 2022-03-17 09:03:08
3188c7f Leetcode, 2022-03-17 08:49:37
8eca9d0 Leetcode, 2022-03-17 08:46:36
9305478 Generated on, 2022-03-16 16:37:25
aca9506 Generated on, 2022-03-16 16:32:34
7d8352e Generated  on
42fb176 Generated  on 'date' + '%Y-%m-%d %H:%M:%S'
52f7324  Generated  on 'date + '%Y-%m-%d %H:%M:%S'
67b2ccd  Generated  on 'date + '%Y-%m-%d %H:%M:%S'
e963e06  Generated  on 'date + '%Y-%m-%d %H:%M:%S'
3492883  Generated  on 'date + '%Y-%m-%d %H:%M:%S'
4019ee9 Leetcode, 2022-03-16 08:47:25
8cf3c3e Leetcode, 2022-03-16 08:34:30
bfd74e6 Leetcode, 2022-03-16 08:26:45
b6fa11d Leetcode, 2022-03-15 09:22:51
5916487 Leetcode, 2022-03-15 09:15:32
10add03 Leetcode, 2022-03-14 08:04:08
f27f8bf Leetcode, 2022-03-13 09:30:58
37f2e8f Leetcode, 2022-03-12 09:09:36
2195f21 leetcode, 2022-03-12 08:15:14
c488dcb generated files on 2022-03-11 10:54:04
7f0d5b4  Leetcode 11 Mar 2022
464b9b3 Leetcode, Mar 10
25c0809 mend
ea8f20e Leetcode, Mar 10
e429d66 Leetcode, Mar 8 2022
12686a8 Leetcode, Mar 8 2022
53441c8 Leetcode, Jan 12 2022
d1602a7 Leetcode, Jan 11
f4156ca Leetcode Jan 10 2022
4193253  Leetcode, Jan 9 2022
6579144 Leetcode, Jan 8
f228d69  Leet code Jan 7, 2022
0beba58  Leet code Jan 6, 2022
3a0930a Dec 6, Leetcode
e3ad7cb Dec 1, Leetcode
10177c3 Nov 30, Leetcode
54c229f Nov 29,2021 Leetcode
eb9037d Merge branch 'main' of https://github.com/spinachisgood/Workspace into main
6281160 Nov 28,2021 Leetcode
5f73db3 Nov 27,2021 Leetcode
bf0c389 Nov 27,2021 Leetcode
3527ff4 Leetcode, 17 October 2021
e9993c7 Sep 12, Leetcode
57664d3 Sep 7, Leetcode
356f6ac Aug 31, Leetcode
4a63cff Aug 29, Leetcode
e161c91 Aug 19, Leetcode
f172a58 Aug 18, Leetcode
c4f6ef3 Aug 17, Leetcode
30917d5 Aug 16, Leetcode
f1c82ce Aug 15, Leetcode
3ca8e32 Leetcode, Aug 14
c4eddc7 Aug 13, Leetcode
e1add08 Aug 12, Leetcode
86eb75b Aug 11, Leetcode
2eea85e Aug 10, Leetcode
cf1da6d Aug 9, Leetcode
8d8cbca Aug 7, Leetcode
7a1e586 Aug 5, Leetcode
058fd19 Aug 4, Leetcode
028c7ba Aug 3, Leetcode
6f44f56 Aug 3, Leetcode
43ff9a9 Jul 31, Leetcode
0bd9015 Jul 28, Leetcode
2ddbd21 Jul 25, Leetcode
d7dd069 Jul 21, Leetcode
ecae7e8 Jul 20, Leetcode
7655c12 Jul 19, Leetcode
9052ee1 Jul 18, Leetcode
bd08806 Jul 17, Leetcode
e5e94e9 Jul 16, Leetcode
8b6db96 Jul 15, Leetcode
2213770 Jul 14, Leetcode
e1d13da Jul 13, Leetcode
d57f277 Jul 12, Leetcode
ec3318c Jul 11, Leetcode
43ade9c Jul 10, Leetcode
66182cb Jul 9, Leetcode
153ab17 Jul 8, Leetcode
52135ea Jul 7, Leetcode
339716c Jul 6, Leetcode
b0d312c Jul 5, Leetcode
407149a Jul 4, Leetcode
d541a13 Jul 3, Leetcode
137c221 Jul 2, Leetcode
d1e10b1 Jul 1, Leetcode
dac5e7d Jun 30, Leetcode
0bca2f3 June 29, Leetcode
86f3225 June 28, Leetcode
51085ec June 27, Leetcode
0545860 June 26, Leetcode
75b1136 Jun 25, Leetcode
986749a June 24, Leetcode
e9637ce June 23, Leetcode
9476696 Jun 22, Leetcode
9712365 Leetcode, June 21
6aa35d7  Leetcode, Jun 20
eb29c77 June 19, Leetcode
afa8477 June 18, Leetcode
5674c63 June 17, Leetcode
e8175fa June 16, Leetcode
c2c409f June 15, Leetcode
6aa0ca5 June 14, Leetcode
f402b3d June 13, Leetcode
893b0db June 12, Leetcode
64f2ebd June 11, Leetcode
3422524 June 10, Leetcode
413b055 June 9, Leetcode
362e2d4 June 8, Leetcode
ecdee3c June 7, Leetcode
37b3594 June 6, Leetcode
bdfb376 June 5, Leetcode
ec4fcf5 June 4, Leetcode
8291543 June 3, Leetcode
8e2d941 June 2, Leetcode
a50a8b9 June 1, Leetcode
ad174a3 May 31, Leetcode
d3ebede May 30, Leetcode
8b5d5f0 May 29, Leetcode
c2aa371 May 28, Leetcode
6b93212 May 26, Leetcode
bcaae3b May 26, Leetcode
7e8e88d May 25, Leetcode
3b85717 May 24, Leetcode
98898a9  Leetcode, May 24 Late night
017bb0c  May 23, Leetcode
afdac72  May 22, Leetcode
b50fc6d May 21, Leetcode
5faa676  May 20, Leetcode
5d57120  May 19, Leetcode Evening
10fe621 May 19, Leetcode
732e878 Leetcode, May 18, evening
bd4595b May 18, Leetcode
feb0a79 C++ 11, Leetcode
c7769e1 Leetcode, May 17
422ef91 May 16, Evening Leetcode
3d97399 May 16, Leetcode
02fa0c4  May 15, Leetcode
1e6f8a2 May 14, Leetcode
17c0490 May 13, Leetcode
3b1a7c6 May 12, Leetcode
3c9ee7e  May 11,fix
710c57c May 11, Leetcode
4b5cfb3 May 11, Leetcode
3ea4bd4 May10, Leetcode
3831831 May 9, Leetcode
de75227 May 8, Leetcode
6a9f826 May 7, Leetcode
bfb4e17 May 6,Leetcode
361f65c May 5, Leetcode
1ccc4ac May 4, Leetcode
f6f1d62 May 3, Leetcode
a5e7f3b May 2, Leetcode
0d08bda May 1, leetcode
add28d3 April 30, Leetcode
2d5f553 April 29, Leetcode
95e0a37 April 28, leetcode
dde3170 Update README.md
9b215c8 April 27, Leetcode
60fd83f Apr 26, Leet code
b10891a April 25-Leetcode
315ac85 April 24 leetcode
3d35d87 April 23 - Leetcode
36c2e51  Test
834d434  Test
43b81ea April 22 - leetcode
a99ac0e April 21-lc
675802d April 21 - Leetcode
9b4670e April 20 - Leetcode
b9bc36a April 19 - Leetcode
8dda1d0 April 18- Leetcode
baec252 April 17 - Leet code
9af08d4 April 16- leet code 2
702047b April 16 leetcode
5e2f20d Leet code - April 15
8b51998 SQL code leet code problem
96e5b20 Apr 14
7e7ccf4  April 13
e702d17  April 12
24d77a5  April 11-end
3c7c20e  April 11-project report started
3b25772  April 11- first commit
573eef4 April 11 2021
1bd5a8f April 11 2021
0642788 April 11 2021
99d8e17 first commit
